19-Mar-2026 11:15:21.285 INFO [main] org.apache.catalina.startup.VersionLoggerListener.log Server version name:   Apache Tomcat/10.1.18
19-Mar-2026 11:15:21.325 INFO [main] org.apache.catalina.startup.VersionLoggerListener.log Server built:          Jan 5 2024 14:39:40 UTC
19-Mar-2026 11:15:21.325 INFO [main] org.apache.catalina.startup.VersionLoggerListener.log Server version number: 10.1.18.0
19-Mar-2026 11:15:21.325 INFO [main] org.apache.catalina.startup.VersionLoggerListener.log OS Name:               Linux
19-Mar-2026 11:15:21.326 INFO [main] org.apache.catalina.startup.VersionLoggerListener.log OS Version:            6.8.0-1044-azure
19-Mar-2026 11:15:21.326 INFO [main] org.apache.catalina.startup.VersionLoggerListener.log Architecture:          amd64
19-Mar-2026 11:15:21.328 INFO [main] org.apache.catalina.startup.VersionLoggerListener.log Java Home:             /usr/local/sdkman/candidates/java/25.0.1-ms
19-Mar-2026 11:15:21.328 INFO [main] org.apache.catalina.startup.VersionLoggerListener.log JVM Version:           25.0.1+8-LTS
19-Mar-2026 11:15:21.328 INFO [main] org.apache.catalina.startup.VersionLoggerListener.log JVM Vendor:            Microsoft
19-Mar-2026 11:15:21.328 INFO [main] org.apache.catalina.startup.VersionLoggerListener.log CATALINA_BASE:         /workspaces/book-store/apache-tomcat-10.1.18
19-Mar-2026 11:15:21.329 INFO [main] org.apache.catalina.startup.VersionLoggerListener.log CATALINA_HOME:         /workspaces/book-store/apache-tomcat-10.1.18
19-Mar-2026 11:15:21.464 INFO [main] org.apache.catalina.startup.VersionLoggerListener.log Command line argument: -Djava.util.logging.config.file=/workspaces/book-store/apache-tomcat-10.1.18/conf/logging.properties
19-Mar-2026 11:15:21.465 INFO [main] org.apache.catalina.startup.VersionLoggerListener.log Command line argument: -Djava.util.logging.manager=org.apache.juli.ClassLoaderLogManager
19-Mar-2026 11:15:21.466 INFO [main] org.apache.catalina.startup.VersionLoggerListener.log Command line argument: -Djdk.tls.ephemeralDHKeySize=2048
19-Mar-2026 11:15:21.466 INFO [main] org.apache.catalina.startup.VersionLoggerListener.log Command line argument: -Djava.protocol.handler.pkgs=org.apache.catalina.webresources
19-Mar-2026 11:15:21.466 INFO [main] org.apache.catalina.startup.VersionLoggerListener.log Command line argument: -Dorg.apache.catalina.security.SecurityListener.UMASK=0027
19-Mar-2026 11:15:21.466 INFO [main] org.apache.catalina.startup.VersionLoggerListener.log Command line argument: --add-opens=java.base/java.lang=ALL-UNNAMED
19-Mar-2026 11:15:21.467 INFO [main] org.apache.catalina.startup.VersionLoggerListener.log Command line argument: --add-opens=java.base/java.io=ALL-UNNAMED
19-Mar-2026 11:15:21.467 INFO [main] org.apache.catalina.startup.VersionLoggerListener.log Command line argument: --add-opens=java.base/java.util=ALL-UNNAMED
19-Mar-2026 11:15:21.467 INFO [main] org.apache.catalina.startup.VersionLoggerListener.log Command line argument: --add-opens=java.base/java.util.concurrent=ALL-UNNAMED
19-Mar-2026 11:15:21.467 INFO [main] org.apache.catalina.startup.VersionLoggerListener.log Command line argument: --add-opens=java.rmi/sun.rmi.transport=ALL-UNNAMED
19-Mar-2026 11:15:21.467 INFO [main] org.apache.catalina.startup.VersionLoggerListener.log Command line argument: -Dcatalina.base=/workspaces/book-store/apache-tomcat-10.1.18
19-Mar-2026 11:15:21.467 INFO [main] org.apache.catalina.startup.VersionLoggerListener.log Command line argument: -Dcatalina.home=/workspaces/book-store/apache-tomcat-10.1.18
19-Mar-2026 11:15:21.467 INFO [main] org.apache.catalina.startup.VersionLoggerListener.log Command line argument: -Djava.io.tmpdir=/workspaces/book-store/apache-tomcat-10.1.18/temp
19-Mar-2026 11:15:21.474 INFO [main] org.apache.catalina.core.AprLifecycleListener.lifecycleEvent The Apache Tomcat Native library which allows using OpenSSL was not found on the java.library.path: [/usr/java/packages/lib:/usr/lib64:/lib64:/lib:/usr/lib]
19-Mar-2026 11:15:22.104 INFO [main] org.apache.coyote.AbstractProtocol.init Initializing ProtocolHandler ["http-nio-8080"]
19-Mar-2026 11:15:22.195 INFO [main] org.apache.catalina.startup.Catalina.load Server initialization in [2103] milliseconds
19-Mar-2026 11:15:22.267 INFO [main] org.apache.catalina.core.StandardService.startInternal Starting service [Catalina]
19-Mar-2026 11:15:22.271 INFO [main] org.apache.catalina.core.StandardEngine.startInternal Starting Servlet engine: [Apache Tomcat/10.1.18]
19-Mar-2026 11:15:22.285 INFO [main] org.apache.catalina.startup.HostConfig.deployDirectory Deploying web application directory [/workspaces/book-store/apache-tomcat-10.1.18/webapps/docs]
19-Mar-2026 11:15:23.239 INFO [main] org.apache.catalina.startup.HostConfig.deployDirectory Deployment of web application directory [/workspaces/book-store/apache-tomcat-10.1.18/webapps/docs] has finished in [944] ms
19-Mar-2026 11:15:23.241 INFO [main] org.apache.catalina.startup.HostConfig.deployDirectory Deploying web application directory [/workspaces/book-store/apache-tomcat-10.1.18/webapps/examples]
19-Mar-2026 11:15:23.766 INFO [main] org.apache.catalina.startup.HostConfig.deployDirectory Deployment of web application directory [/workspaces/book-store/apache-tomcat-10.1.18/webapps/examples] has finished in [524] ms
19-Mar-2026 11:15:23.766 INFO [main] org.apache.catalina.startup.HostConfig.deployDirectory Deploying web application directory [/workspaces/book-store/apache-tomcat-10.1.18/webapps/manager]
19-Mar-2026 11:15:23.809 INFO [main] org.apache.catalina.startup.HostConfig.deployDirectory Deployment of web application directory [/workspaces/book-store/apache-tomcat-10.1.18/webapps/manager] has finished in [43] ms
19-Mar-2026 11:15:23.812 INFO [main] org.apache.catalina.startup.HostConfig.deployDirectory Deploying web application directory [/workspaces/book-store/apache-tomcat-10.1.18/webapps/host-manager]
19-Mar-2026 11:15:23.837 INFO [main] org.apache.catalina.startup.HostConfig.deployDirectory Deployment of web application directory [/workspaces/book-store/apache-tomcat-10.1.18/webapps/host-manager] has finished in [25] ms
19-Mar-2026 11:15:23.837 INFO [main] org.apache.catalina.startup.HostConfig.deployDirectory Deploying web application directory [/workspaces/book-store/apache-tomcat-10.1.18/webapps/bookstore]
19-Mar-2026 11:15:23.884 INFO [main] org.apache.catalina.startup.HostConfig.deployDirectory Deployment of web application directory [/workspaces/book-store/apache-tomcat-10.1.18/webapps/bookstore] has finished in [47] ms
19-Mar-2026 11:15:23.885 INFO [main] org.apache.catalina.startup.HostConfig.deployDirectory Deploying web application directory [/workspaces/book-store/apache-tomcat-10.1.18/webapps/ROOT]
19-Mar-2026 11:15:23.918 INFO [main] org.apache.catalina.startup.HostConfig.deployDirectory Deployment of web application directory [/workspaces/book-store/apache-tomcat-10.1.18/webapps/ROOT] has finished in [31] ms
19-Mar-2026 11:15:23.919 INFO [main] org.apache.catalina.startup.HostConfig.deployDirectory Deploying web application directory [/workspaces/book-store/apache-tomcat-10.1.18/webapps/store]
19-Mar-2026 11:15:23.971 INFO [main] org.apache.catalina.startup.HostConfig.deployDirectory Deployment of web application directory [/workspaces/book-store/apache-tomcat-10.1.18/webapps/store] has finished in [52] ms
19-Mar-2026 11:15:23.984 INFO [main] org.apache.coyote.AbstractProtocol.start Starting ProtocolHandler ["http-nio-8080"]
19-Mar-2026 11:15:24.033 INFO [main] org.apache.catalina.startup.Catalina.start Server startup in [1836] milliseconds
19-Mar-2026 11:15:45.582 INFO [main] org.apache.catalina.startup.VersionLoggerListener.log Server version name:   Apache Tomcat/10.1.18
19-Mar-2026 11:15:45.593 INFO [main] org.apache.catalina.startup.VersionLoggerListener.log Server built:          Jan 5 2024 14:39:40 UTC
19-Mar-2026 11:15:45.594 INFO [main] org.apache.catalina.startup.VersionLoggerListener.log Server version number: 10.1.18.0
19-Mar-2026 11:15:45.594 INFO [main] org.apache.catalina.startup.VersionLoggerListener.log OS Name:               Linux
19-Mar-2026 11:15:45.594 INFO [main] org.apache.catalina.startup.VersionLoggerListener.log OS Version:            6.8.0-1044-azure
19-Mar-2026 11:15:45.594 INFO [main] org.apache.catalina.startup.VersionLoggerListener.log Architecture:          amd64
19-Mar-2026 11:15:45.594 INFO [main] org.apache.catalina.startup.VersionLoggerListener.log Java Home:             /usr/local/sdkman/candidates/java/25.0.1-ms
19-Mar-2026 11:15:45.594 INFO [main] org.apache.catalina.startup.VersionLoggerListener.log JVM Version:           25.0.1+8-LTS
19-Mar-2026 11:15:45.594 INFO [main] org.apache.catalina.startup.VersionLoggerListener.log JVM Vendor:            Microsoft
19-Mar-2026 11:15:45.594 INFO [main] org.apache.catalina.startup.VersionLoggerListener.log CATALINA_BASE:         /workspaces/book-store/apache-tomcat-10.1.18
19-Mar-2026 11:15:45.599 INFO [main] org.apache.catalina.startup.VersionLoggerListener.log CATALINA_HOME:         /workspaces/book-store/apache-tomcat-10.1.18
19-Mar-2026 11:15:45.612 INFO [main] org.apache.catalina.startup.VersionLoggerListener.log Command line argument: -Djava.util.logging.config.file=/workspaces/book-store/apache-tomcat-10.1.18/conf/logging.properties
19-Mar-2026 11:15:45.612 INFO [main] org.apache.catalina.startup.VersionLoggerListener.log Command line argument: -Djava.util.logging.manager=org.apache.juli.ClassLoaderLogManager
19-Mar-2026 11:15:45.615 INFO [main] org.apache.catalina.startup.VersionLoggerListener.log Command line argument: -Djdk.tls.ephemeralDHKeySize=2048
19-Mar-2026 11:15:45.615 INFO [main] org.apache.catalina.startup.VersionLoggerListener.log Command line argument: -Djava.protocol.handler.pkgs=org.apache.catalina.webresources
19-Mar-2026 11:15:45.615 INFO [main] org.apache.catalina.startup.VersionLoggerListener.log Command line argument: -Dorg.apache.catalina.security.SecurityListener.UMASK=0027
19-Mar-2026 11:15:45.615 INFO [main] org.apache.catalina.startup.VersionLoggerListener.log Command line argument: --add-opens=java.base/java.lang=ALL-UNNAMED
19-Mar-2026 11:15:45.615 INFO [main] org.apache.catalina.startup.VersionLoggerListener.log Command line argument: --add-opens=java.base/java.io=ALL-UNNAMED
19-Mar-2026 11:15:45.616 INFO [main] org.apache.catalina.startup.VersionLoggerListener.log Command line argument: --add-opens=java.base/java.util=ALL-UNNAMED
19-Mar-2026 11:15:45.616 INFO [main] org.apache.catalina.startup.VersionLoggerListener.log Command line argument: --add-opens=java.base/java.util.concurrent=ALL-UNNAMED
19-Mar-2026 11:15:45.619 INFO [main] org.apache.catalina.startup.VersionLoggerListener.log Command line argument: --add-opens=java.rmi/sun.rmi.transport=ALL-UNNAMED
19-Mar-2026 11:15:45.619 INFO [main] org.apache.catalina.startup.VersionLoggerListener.log Command line argument: -Dcatalina.base=/workspaces/book-store/apache-tomcat-10.1.18
19-Mar-2026 11:15:45.619 INFO [main] org.apache.catalina.startup.VersionLoggerListener.log Command line argument: -Dcatalina.home=/workspaces/book-store/apache-tomcat-10.1.18
19-Mar-2026 11:15:45.619 INFO [main] org.apache.catalina.startup.VersionLoggerListener.log Command line argument: -Djava.io.tmpdir=/workspaces/book-store/apache-tomcat-10.1.18/temp
19-Mar-2026 11:15:45.633 INFO [main] org.apache.catalina.core.AprLifecycleListener.lifecycleEvent The Apache Tomcat Native library which allows using OpenSSL was not found on the java.library.path: [/usr/java/packages/lib:/usr/lib64:/lib64:/lib:/usr/lib]
19-Mar-2026 11:15:46.212 INFO [main] org.apache.coyote.AbstractProtocol.init Initializing ProtocolHandler ["http-nio-8080"]
19-Mar-2026 11:15:46.243 SEVERE [main] org.apache.catalina.util.LifecycleBase.handleSubClassException Failed to initialize component [Connector["http-nio-8080"]]
	org.apache.catalina.LifecycleException: Protocol handler initialization failed
		at org.apache.catalina.connector.Connector.initInternal(Connector.java:1015)
		at org.apache.catalina.util.LifecycleBase.init(LifecycleBase.java:127)
		at org.apache.catalina.core.StandardService.initInternal(StandardService.java:554)
		at org.apache.catalina.util.LifecycleBase.init(LifecycleBase.java:127)
		at org.apache.catalina.core.StandardServer.initInternal(StandardServer.java:1010)
		at org.apache.catalina.util.LifecycleBase.init(LifecycleBase.java:127)
		at org.apache.catalina.startup.Catalina.load(Catalina.java:747)
		at org.apache.catalina.startup.Catalina.load(Catalina.java:769)
		at java.base/jdk.internal.reflect.DirectMethodHandleAccessor.invoke(DirectMethodHandleAccessor.java:104)
		at java.base/java.lang.reflect.Method.invoke(Method.java:565)
		at org.apache.catalina.startup.Bootstrap.load(Bootstrap.java:307)
		at org.apache.catalina.startup.Bootstrap.main(Bootstrap.java:477)
	Caused by: java.net.BindException: Address already in use
		at java.base/sun.nio.ch.Net.bind0(Native Method)
		at java.base/sun.nio.ch.Net.bind(Net.java:522)
		at java.base/sun.nio.ch.ServerSocketChannelImpl.netBind(ServerSocketChannelImpl.java:335)
		at java.base/sun.nio.ch.ServerSocketChannelImpl.bind(ServerSocketChannelImpl.java:297)
		at org.apache.tomcat.util.net.NioEndpoint.initServerSocket(NioEndpoint.java:247)
		at org.apache.tomcat.util.net.NioEndpoint.bind(NioEndpoint.java:202)
		at org.apache.tomcat.util.net.AbstractEndpoint.bindWithCleanup(AbstractEndpoint.java:1280)
		at org.apache.tomcat.util.net.AbstractEndpoint.init(AbstractEndpoint.java:1293)
		at org.apache.coyote.AbstractProtocol.init(AbstractProtocol.java:624)
		at org.apache.coyote.http11.AbstractHttp11Protocol.init(AbstractHttp11Protocol.java:77)
		at org.apache.catalina.connector.Connector.initInternal(Connector.java:1013)
		... 11 more
19-Mar-2026 11:15:46.245 INFO [main] org.apache.catalina.startup.Catalina.load Server initialization in [939] milliseconds
19-Mar-2026 11:15:46.311 INFO [main] org.apache.catalina.core.StandardService.startInternal Starting service [Catalina]
19-Mar-2026 11:15:46.311 INFO [main] org.apache.catalina.core.StandardEngine.startInternal Starting Servlet engine: [Apache Tomcat/10.1.18]
19-Mar-2026 11:15:46.319 INFO [main] org.apache.catalina.startup.HostConfig.deployDirectory Deploying web application directory [/workspaces/book-store/apache-tomcat-10.1.18/webapps/docs]
19-Mar-2026 11:15:46.762 INFO [main] org.apache.catalina.startup.HostConfig.deployDirectory Deployment of web application directory [/workspaces/book-store/apache-tomcat-10.1.18/webapps/docs] has finished in [439] ms
19-Mar-2026 11:15:46.763 INFO [main] org.apache.catalina.startup.HostConfig.deployDirectory Deploying web application directory [/workspaces/book-store/apache-tomcat-10.1.18/webapps/examples]
19-Mar-2026 11:15:47.202 INFO [main] org.apache.catalina.startup.HostConfig.deployDirectory Deployment of web application directory [/workspaces/book-store/apache-tomcat-10.1.18/webapps/examples] has finished in [439] ms
19-Mar-2026 11:15:47.203 INFO [main] org.apache.catalina.startup.HostConfig.deployDirectory Deploying web application directory [/workspaces/book-store/apache-tomcat-10.1.18/webapps/manager]
19-Mar-2026 11:15:47.252 INFO [main] org.apache.catalina.startup.HostConfig.deployDirectory Deployment of web application directory [/workspaces/book-store/apache-tomcat-10.1.18/webapps/manager] has finished in [49] ms
19-Mar-2026 11:15:47.253 INFO [main] org.apache.catalina.startup.HostConfig.deployDirectory Deploying web application directory [/workspaces/book-store/apache-tomcat-10.1.18/webapps/host-manager]
19-Mar-2026 11:15:47.277 INFO [main] org.apache.catalina.startup.HostConfig.deployDirectory Deployment of web application directory [/workspaces/book-store/apache-tomcat-10.1.18/webapps/host-manager] has finished in [24] ms
19-Mar-2026 11:15:47.278 INFO [main] org.apache.catalina.startup.HostConfig.deployDirectory Deploying web application directory [/workspaces/book-store/apache-tomcat-10.1.18/webapps/bookstore]
19-Mar-2026 11:15:47.299 INFO [main] org.apache.catalina.startup.HostConfig.deployDirectory Deployment of web application directory [/workspaces/book-store/apache-tomcat-10.1.18/webapps/bookstore] has finished in [21] ms
19-Mar-2026 11:15:47.300 INFO [main] org.apache.catalina.startup.HostConfig.deployDirectory Deploying web application directory [/workspaces/book-store/apache-tomcat-10.1.18/webapps/ROOT]
19-Mar-2026 11:15:47.346 INFO [main] org.apache.catalina.startup.HostConfig.deployDirectory Deployment of web application directory [/workspaces/book-store/apache-tomcat-10.1.18/webapps/ROOT] has finished in [47] ms
19-Mar-2026 11:15:47.347 INFO [main] org.apache.catalina.startup.HostConfig.deployDirectory Deploying web application directory [/workspaces/book-store/apache-tomcat-10.1.18/webapps/store]
19-Mar-2026 11:15:47.365 INFO [main] org.apache.catalina.startup.HostConfig.deployDirectory Deployment of web application directory [/workspaces/book-store/apache-tomcat-10.1.18/webapps/store] has finished in [18] ms
19-Mar-2026 11:15:47.380 INFO [main] org.apache.catalina.startup.Catalina.start Server startup in [1132] milliseconds
19-Mar-2026 11:15:47.385 SEVERE [main] org.apache.catalina.core.StandardServer.await Failed to create server shutdown socket on address [localhost] and port [8005] (base port [8005] and offset [0])
	java.net.BindException: Address already in use
		at java.base/sun.nio.ch.Net.bind0(Native Method)
		at java.base/sun.nio.ch.Net.bind(Net.java:522)
		at java.base/sun.nio.ch.Net.bind(Net.java:511)
		at java.base/sun.nio.ch.NioSocketImpl.bind(NioSocketImpl.java:641)
		at java.base/java.net.ServerSocket.bind(ServerSocket.java:326)
		at java.base/java.net.ServerSocket.<init>(ServerSocket.java:222)
		at org.apache.catalina.core.StandardServer.await(StandardServer.java:577)
		at org.apache.catalina.startup.Catalina.await(Catalina.java:887)
		at org.apache.catalina.startup.Catalina.start(Catalina.java:833)
		at java.base/jdk.internal.reflect.DirectMethodHandleAccessor.invoke(DirectMethodHandleAccessor.java:104)
		at java.base/java.lang.reflect.Method.invoke(Method.java:565)
		at org.apache.catalina.startup.Bootstrap.start(Bootstrap.java:347)
		at org.apache.catalina.startup.Bootstrap.main(Bootstrap.java:478)
19-Mar-2026 11:15:47.386 INFO [main] org.apache.coyote.AbstractProtocol.pause Pausing ProtocolHandler ["http-nio-8080"]
19-Mar-2026 11:15:47.386 INFO [main] org.apache.catalina.core.StandardService.stopInternal Stopping service [Catalina]
19-Mar-2026 11:15:47.449 INFO [main] org.apache.coyote.AbstractProtocol.stop Stopping ProtocolHandler ["http-nio-8080"]
19-Mar-2026 11:15:47.450 INFO [main] org.apache.coyote.AbstractProtocol.destroy Destroying ProtocolHandler ["http-nio-8080"]
19-Mar-2026 11:16:29.010 INFO [main] org.apache.catalina.core.StandardServer.await A valid shutdown command was received via the shutdown port. Stopping the Server instance.
19-Mar-2026 11:16:29.013 INFO [main] org.apache.coyote.AbstractProtocol.pause Pausing ProtocolHandler ["http-nio-8080"]
19-Mar-2026 11:16:29.020 INFO [main] org.apache.catalina.core.StandardService.stopInternal Stopping service [Catalina]
19-Mar-2026 11:16:29.067 INFO [main] org.apache.coyote.AbstractProtocol.stop Stopping ProtocolHandler ["http-nio-8080"]
19-Mar-2026 11:16:29.080 INFO [main] org.apache.coyote.AbstractProtocol.destroy Destroying ProtocolHandler ["http-nio-8080"]
19-Mar-2026 11:16:42.975 INFO [main] org.apache.catalina.startup.VersionLoggerListener.log Server version name:   Apache Tomcat/10.1.18
19-Mar-2026 11:16:42.980 INFO [main] org.apache.catalina.startup.VersionLoggerListener.log Server built:          Jan 5 2024 14:39:40 UTC
19-Mar-2026 11:16:42.985 INFO [main] org.apache.catalina.startup.VersionLoggerListener.log Server version number: 10.1.18.0
19-Mar-2026 11:16:42.985 INFO [main] org.apache.catalina.startup.VersionLoggerListener.log OS Name:               Linux
19-Mar-2026 11:16:42.985 INFO [main] org.apache.catalina.startup.VersionLoggerListener.log OS Version:            6.8.0-1044-azure
19-Mar-2026 11:16:42.985 INFO [main] org.apache.catalina.startup.VersionLoggerListener.log Architecture:          amd64
19-Mar-2026 11:16:42.986 INFO [main] org.apache.catalina.startup.VersionLoggerListener.log Java Home:             /usr/local/sdkman/candidates/java/25.0.1-ms
19-Mar-2026 11:16:42.986 INFO [main] org.apache.catalina.startup.VersionLoggerListener.log JVM Version:           25.0.1+8-LTS
19-Mar-2026 11:16:42.986 INFO [main] org.apache.catalina.startup.VersionLoggerListener.log JVM Vendor:            Microsoft
19-Mar-2026 11:16:42.986 INFO [main] org.apache.catalina.startup.VersionLoggerListener.log CATALINA_BASE:         /workspaces/book-store/apache-tomcat-10.1.18
19-Mar-2026 11:16:42.986 INFO [main] org.apache.catalina.startup.VersionLoggerListener.log CATALINA_HOME:         /workspaces/book-store/apache-tomcat-10.1.18
19-Mar-2026 11:16:43.003 INFO [main] org.apache.catalina.startup.VersionLoggerListener.log Command line argument: -Djava.util.logging.config.file=/workspaces/book-store/apache-tomcat-10.1.18/conf/logging.properties
19-Mar-2026 11:16:43.004 INFO [main] org.apache.catalina.startup.VersionLoggerListener.log Command line argument: -Djava.util.logging.manager=org.apache.juli.ClassLoaderLogManager
19-Mar-2026 11:16:43.004 INFO [main] org.apache.catalina.startup.VersionLoggerListener.log Command line argument: -Djdk.tls.ephemeralDHKeySize=2048
19-Mar-2026 11:16:43.004 INFO [main] org.apache.catalina.startup.VersionLoggerListener.log Command line argument: -Djava.protocol.handler.pkgs=org.apache.catalina.webresources
19-Mar-2026 11:16:43.004 INFO [main] org.apache.catalina.startup.VersionLoggerListener.log Command line argument: -Dorg.apache.catalina.security.SecurityListener.UMASK=0027
19-Mar-2026 11:16:43.005 INFO [main] org.apache.catalina.startup.VersionLoggerListener.log Command line argument: --add-opens=java.base/java.lang=ALL-UNNAMED
19-Mar-2026 11:16:43.005 INFO [main] org.apache.catalina.startup.VersionLoggerListener.log Command line argument: --add-opens=java.base/java.io=ALL-UNNAMED
19-Mar-2026 11:16:43.005 INFO [main] org.apache.catalina.startup.VersionLoggerListener.log Command line argument: --add-opens=java.base/java.util=ALL-UNNAMED
19-Mar-2026 11:16:43.005 INFO [main] org.apache.catalina.startup.VersionLoggerListener.log Command line argument: --add-opens=java.base/java.util.concurrent=ALL-UNNAMED
19-Mar-2026 11:16:43.005 INFO [main] org.apache.catalina.startup.VersionLoggerListener.log Command line argument: --add-opens=java.rmi/sun.rmi.transport=ALL-UNNAMED
19-Mar-2026 11:16:43.005 INFO [main] org.apache.catalina.startup.VersionLoggerListener.log Command line argument: -Dcatalina.base=/workspaces/book-store/apache-tomcat-10.1.18
19-Mar-2026 11:16:43.006 INFO [main] org.apache.catalina.startup.VersionLoggerListener.log Command line argument: -Dcatalina.home=/workspaces/book-store/apache-tomcat-10.1.18
19-Mar-2026 11:16:43.006 INFO [main] org.apache.catalina.startup.VersionLoggerListener.log Command line argument: -Djava.io.tmpdir=/workspaces/book-store/apache-tomcat-10.1.18/temp
19-Mar-2026 11:16:43.011 INFO [main] org.apache.catalina.core.AprLifecycleListener.lifecycleEvent The Apache Tomcat Native library which allows using OpenSSL was not found on the java.library.path: [/usr/java/packages/lib:/usr/lib64:/lib64:/lib:/usr/lib]
19-Mar-2026 11:16:43.518 INFO [main] org.apache.coyote.AbstractProtocol.init Initializing ProtocolHandler ["http-nio-8080"]
19-Mar-2026 11:16:43.555 INFO [main] org.apache.catalina.startup.Catalina.load Server initialization in [800] milliseconds
19-Mar-2026 11:16:43.612 INFO [main] org.apache.catalina.core.StandardService.startInternal Starting service [Catalina]
19-Mar-2026 11:16:43.612 INFO [main] org.apache.catalina.core.StandardEngine.startInternal Starting Servlet engine: [Apache Tomcat/10.1.18]
19-Mar-2026 11:16:43.625 INFO [main] org.apache.catalina.startup.HostConfig.deployDirectory Deploying web application directory [/workspaces/book-store/apache-tomcat-10.1.18/webapps/docs]
19-Mar-2026 11:16:44.040 INFO [main] org.apache.catalina.startup.HostConfig.deployDirectory Deployment of web application directory [/workspaces/book-store/apache-tomcat-10.1.18/webapps/docs] has finished in [412] ms
19-Mar-2026 11:16:44.040 INFO [main] org.apache.catalina.startup.HostConfig.deployDirectory Deploying web application directory [/workspaces/book-store/apache-tomcat-10.1.18/webapps/examples]
19-Mar-2026 11:16:44.378 INFO [main] org.apache.catalina.startup.HostConfig.deployDirectory Deployment of web application directory [/workspaces/book-store/apache-tomcat-10.1.18/webapps/examples] has finished in [337] ms
19-Mar-2026 11:16:44.378 INFO [main] org.apache.catalina.startup.HostConfig.deployDirectory Deploying web application directory [/workspaces/book-store/apache-tomcat-10.1.18/webapps/manager]
19-Mar-2026 11:16:44.405 INFO [main] org.apache.catalina.startup.HostConfig.deployDirectory Deployment of web application directory [/workspaces/book-store/apache-tomcat-10.1.18/webapps/manager] has finished in [27] ms
19-Mar-2026 11:16:44.406 INFO [main] org.apache.catalina.startup.HostConfig.deployDirectory Deploying web application directory [/workspaces/book-store/apache-tomcat-10.1.18/webapps/host-manager]
19-Mar-2026 11:16:44.424 INFO [main] org.apache.catalina.startup.HostConfig.deployDirectory Deployment of web application directory [/workspaces/book-store/apache-tomcat-10.1.18/webapps/host-manager] has finished in [19] ms
19-Mar-2026 11:16:44.425 INFO [main] org.apache.catalina.startup.HostConfig.deployDirectory Deploying web application directory [/workspaces/book-store/apache-tomcat-10.1.18/webapps/bookstore]
19-Mar-2026 11:16:44.445 INFO [main] org.apache.catalina.startup.HostConfig.deployDirectory Deployment of web application directory [/workspaces/book-store/apache-tomcat-10.1.18/webapps/bookstore] has finished in [20] ms
19-Mar-2026 11:16:44.446 INFO [main] org.apache.catalina.startup.HostConfig.deployDirectory Deploying web application directory [/workspaces/book-store/apache-tomcat-10.1.18/webapps/ROOT]
19-Mar-2026 11:16:44.474 INFO [main] org.apache.catalina.startup.HostConfig.deployDirectory Deployment of web application directory [/workspaces/book-store/apache-tomcat-10.1.18/webapps/ROOT] has finished in [28] ms
19-Mar-2026 11:16:44.476 INFO [main] org.apache.catalina.startup.HostConfig.deployDirectory Deploying web application directory [/workspaces/book-store/apache-tomcat-10.1.18/webapps/store]
19-Mar-2026 11:16:44.505 INFO [main] org.apache.catalina.startup.HostConfig.deployDirectory Deployment of web application directory [/workspaces/book-store/apache-tomcat-10.1.18/webapps/store] has finished in [29] ms
19-Mar-2026 11:16:44.514 INFO [main] org.apache.coyote.AbstractProtocol.start Starting ProtocolHandler ["http-nio-8080"]
19-Mar-2026 11:16:44.562 INFO [main] org.apache.catalina.startup.Catalina.start Server startup in [1004] milliseconds
