13-Mar-2026 11:22:55.467 INFO [main] org.apache.catalina.startup.VersionLoggerListener.log Server version name:   Apache Tomcat/10.1.18
13-Mar-2026 11:22:55.515 INFO [main] org.apache.catalina.startup.VersionLoggerListener.log Server built:          Jan 5 2024 14:39:40 UTC
13-Mar-2026 11:22:55.516 INFO [main] org.apache.catalina.startup.VersionLoggerListener.log Server version number: 10.1.18.0
13-Mar-2026 11:22:55.516 INFO [main] org.apache.catalina.startup.VersionLoggerListener.log OS Name:               Linux
13-Mar-2026 11:22:55.516 INFO [main] org.apache.catalina.startup.VersionLoggerListener.log OS Version:            6.8.0-1044-azure
13-Mar-2026 11:22:55.517 INFO [main] org.apache.catalina.startup.VersionLoggerListener.log Architecture:          amd64
13-Mar-2026 11:22:55.517 INFO [main] org.apache.catalina.startup.VersionLoggerListener.log Java Home:             /usr/local/sdkman/candidates/java/25.0.1-ms
13-Mar-2026 11:22:55.517 INFO [main] org.apache.catalina.startup.VersionLoggerListener.log JVM Version:           25.0.1+8-LTS
13-Mar-2026 11:22:55.517 INFO [main] org.apache.catalina.startup.VersionLoggerListener.log JVM Vendor:            Microsoft
13-Mar-2026 11:22:55.518 INFO [main] org.apache.catalina.startup.VersionLoggerListener.log CATALINA_BASE:         /workspaces/book-store/apache-tomcat-10.1.18
13-Mar-2026 11:22:55.518 INFO [main] org.apache.catalina.startup.VersionLoggerListener.log CATALINA_HOME:         /workspaces/book-store/apache-tomcat-10.1.18
13-Mar-2026 11:22:55.595 INFO [main] org.apache.catalina.startup.VersionLoggerListener.log Command line argument: -Djava.util.logging.config.file=/workspaces/book-store/apache-tomcat-10.1.18/conf/logging.properties
13-Mar-2026 11:22:55.596 INFO [main] org.apache.catalina.startup.VersionLoggerListener.log Command line argument: -Djava.util.logging.manager=org.apache.juli.ClassLoaderLogManager
13-Mar-2026 11:22:55.596 INFO [main] org.apache.catalina.startup.VersionLoggerListener.log Command line argument: -Djdk.tls.ephemeralDHKeySize=2048
13-Mar-2026 11:22:55.596 INFO [main] org.apache.catalina.startup.VersionLoggerListener.log Command line argument: -Djava.protocol.handler.pkgs=org.apache.catalina.webresources
13-Mar-2026 11:22:55.597 INFO [main] org.apache.catalina.startup.VersionLoggerListener.log Command line argument: -Dorg.apache.catalina.security.SecurityListener.UMASK=0027
13-Mar-2026 11:22:55.597 INFO [main] org.apache.catalina.startup.VersionLoggerListener.log Command line argument: --add-opens=java.base/java.lang=ALL-UNNAMED
13-Mar-2026 11:22:55.598 INFO [main] org.apache.catalina.startup.VersionLoggerListener.log Command line argument: --add-opens=java.base/java.io=ALL-UNNAMED
13-Mar-2026 11:22:55.598 INFO [main] org.apache.catalina.startup.VersionLoggerListener.log Command line argument: --add-opens=java.base/java.util=ALL-UNNAMED
13-Mar-2026 11:22:55.598 INFO [main] org.apache.catalina.startup.VersionLoggerListener.log Command line argument: --add-opens=java.base/java.util.concurrent=ALL-UNNAMED
13-Mar-2026 11:22:55.599 INFO [main] org.apache.catalina.startup.VersionLoggerListener.log Command line argument: --add-opens=java.rmi/sun.rmi.transport=ALL-UNNAMED
13-Mar-2026 11:22:55.600 INFO [main] org.apache.catalina.startup.VersionLoggerListener.log Command line argument: -Dcatalina.base=/workspaces/book-store/apache-tomcat-10.1.18
13-Mar-2026 11:22:55.600 INFO [main] org.apache.catalina.startup.VersionLoggerListener.log Command line argument: -Dcatalina.home=/workspaces/book-store/apache-tomcat-10.1.18
13-Mar-2026 11:22:55.600 INFO [main] org.apache.catalina.startup.VersionLoggerListener.log Command line argument: -Djava.io.tmpdir=/workspaces/book-store/apache-tomcat-10.1.18/temp
WARNING: A restricted method in java.lang.System has been called
WARNING: java.lang.System::load has been called by org.apache.tomcat.jni.Library in an unnamed module (file:/workspaces/book-store/apache-tomcat-10.1.18/lib/tomcat-jni.jar)
WARNING: Use --enable-native-access=ALL-UNNAMED to avoid a warning for callers in this module
WARNING: Restricted methods will be blocked in a future release unless native access is enabled

13-Mar-2026 11:22:55.614 INFO [main] org.apache.catalina.core.AprLifecycleListener.lifecycleEvent The Apache Tomcat Native library which allows using OpenSSL was not found on the java.library.path: [/usr/java/packages/lib:/usr/lib64:/lib64:/lib:/usr/lib]
13-Mar-2026 11:22:56.234 INFO [main] org.apache.coyote.AbstractProtocol.init Initializing ProtocolHandler ["http-nio-8080"]
13-Mar-2026 11:22:56.267 INFO [main] org.apache.catalina.startup.Catalina.load Server initialization in [2326] milliseconds
13-Mar-2026 11:22:56.326 INFO [main] org.apache.catalina.core.StandardService.startInternal Starting service [Catalina]
13-Mar-2026 11:22:56.326 INFO [main] org.apache.catalina.core.StandardEngine.startInternal Starting Servlet engine: [Apache Tomcat/10.1.18]
13-Mar-2026 11:22:56.335 INFO [main] org.apache.catalina.startup.HostConfig.deployDirectory Deploying web application directory [/workspaces/book-store/apache-tomcat-10.1.18/webapps/docs]
13-Mar-2026 11:22:57.315 INFO [main] org.apache.catalina.startup.HostConfig.deployDirectory Deployment of web application directory [/workspaces/book-store/apache-tomcat-10.1.18/webapps/docs] has finished in [974] ms
13-Mar-2026 11:22:57.316 INFO [main] org.apache.catalina.startup.HostConfig.deployDirectory Deploying web application directory [/workspaces/book-store/apache-tomcat-10.1.18/webapps/examples]
13-Mar-2026 11:22:57.749 INFO [main] org.apache.catalina.startup.HostConfig.deployDirectory Deployment of web application directory [/workspaces/book-store/apache-tomcat-10.1.18/webapps/examples] has finished in [433] ms
13-Mar-2026 11:22:57.752 INFO [main] org.apache.catalina.startup.HostConfig.deployDirectory Deploying web application directory [/workspaces/book-store/apache-tomcat-10.1.18/webapps/manager]
13-Mar-2026 11:22:57.799 INFO [main] org.apache.catalina.startup.HostConfig.deployDirectory Deployment of web application directory [/workspaces/book-store/apache-tomcat-10.1.18/webapps/manager] has finished in [47] ms
13-Mar-2026 11:22:57.800 INFO [main] org.apache.catalina.startup.HostConfig.deployDirectory Deploying web application directory [/workspaces/book-store/apache-tomcat-10.1.18/webapps/host-manager]
13-Mar-2026 11:22:57.824 INFO [main] org.apache.catalina.startup.HostConfig.deployDirectory Deployment of web application directory [/workspaces/book-store/apache-tomcat-10.1.18/webapps/host-manager] has finished in [23] ms
13-Mar-2026 11:22:57.824 INFO [main] org.apache.catalina.startup.HostConfig.deployDirectory Deploying web application directory [/workspaces/book-store/apache-tomcat-10.1.18/webapps/bookstore]
13-Mar-2026 11:22:57.849 INFO [main] org.apache.catalina.startup.HostConfig.deployDirectory Deployment of web application directory [/workspaces/book-store/apache-tomcat-10.1.18/webapps/bookstore] has finished in [25] ms
13-Mar-2026 11:22:57.849 INFO [main] org.apache.catalina.startup.HostConfig.deployDirectory Deploying web application directory [/workspaces/book-store/apache-tomcat-10.1.18/webapps/ROOT]
13-Mar-2026 11:22:57.871 INFO [main] org.apache.catalina.startup.HostConfig.deployDirectory Deployment of web application directory [/workspaces/book-store/apache-tomcat-10.1.18/webapps/ROOT] has finished in [22] ms
13-Mar-2026 11:22:57.872 INFO [main] org.apache.catalina.startup.HostConfig.deployDirectory Deploying web application directory [/workspaces/book-store/apache-tomcat-10.1.18/webapps/store]
13-Mar-2026 11:22:57.894 INFO [main] org.apache.catalina.startup.HostConfig.deployDirectory Deployment of web application directory [/workspaces/book-store/apache-tomcat-10.1.18/webapps/store] has finished in [22] ms
13-Mar-2026 11:22:57.899 INFO [main] org.apache.coyote.AbstractProtocol.start Starting ProtocolHandler ["http-nio-8080"]
13-Mar-2026 11:22:57.930 INFO [main] org.apache.catalina.startup.Catalina.start Server startup in [1660] milliseconds
